[0.013s] Invoking command in '/home/sushant-ros/Coding/ROS2_Learning/ROS2_Basics/ros2_ws/build/my_cpp_pkg': CMAKE_PREFIX_PATH=${CMAKE_PREFIX_PATH}:/home/sushant-ros/Coding/ROS2_Learning/ROS2_Basics/ros2_ws/install/my_py_pkg:/opt/ros/jazzy DEBUGINFOD_URLS=https://debuginfod.ubuntu.com /usr/bin/cmake --build /home/sushant-ros/Coding/ROS2_Learning/ROS2_Basics/ros2_ws/build/my_cpp_pkg -- -j8 -l8
[0.117s] [ 20%] Built target cpp_node_oop
[0.120s] [ 40%] Built target robot_news_station
[0.121s] [ 60%] Built target cpp_node
[0.121s] [ 80%] Built target smartphone
[0.129s] [ 90%] [32mBuilding CXX object CMakeFiles/number_publisher.dir/src/number_publisher.cpp.o[0m
[6.463s] [100%] [32m[1mLinking CXX executable number_publisher[0m
[6.895s] [100%] Built target number_publisher
[6.912s] Invoked command in '/home/sushant-ros/Coding/ROS2_Learning/ROS2_Basics/ros2_ws/build/my_cpp_pkg' returned '0': CMAKE_PREFIX_PATH=${CMAKE_PREFIX_PATH}:/home/sushant-ros/Coding/ROS2_Learning/ROS2_Basics/ros2_ws/install/my_py_pkg:/opt/ros/jazzy DEBUGINFOD_URLS=https://debuginfod.ubuntu.com /usr/bin/cmake --build /home/sushant-ros/Coding/ROS2_Learning/ROS2_Basics/ros2_ws/build/my_cpp_pkg -- -j8 -l8
[6.929s] Invoking command in '/home/sushant-ros/Coding/ROS2_Learning/ROS2_Basics/ros2_ws/build/my_cpp_pkg': CMAKE_PREFIX_PATH=${CMAKE_PREFIX_PATH}:/home/sushant-ros/Coding/ROS2_Learning/ROS2_Basics/ros2_ws/install/my_py_pkg:/opt/ros/jazzy DEBUGINFOD_URLS=https://debuginfod.ubuntu.com /usr/bin/cmake --install /home/sushant-ros/Coding/ROS2_Learning/ROS2_Basics/ros2_ws/build/my_cpp_pkg
[6.940s] -- Install configuration: ""
[6.943s] -- Up-to-date: /home/sushant-ros/Coding/ROS2_Learning/ROS2_Basics/ros2_ws/install/my_cpp_pkg/lib/my_cpp_pkg/cpp_node
[6.945s] -- Up-to-date: /home/sushant-ros/Coding/ROS2_Learning/ROS2_Basics/ros2_ws/install/my_cpp_pkg/lib/my_cpp_pkg/cpp_node_oop
[6.947s] -- Up-to-date: /home/sushant-ros/Coding/ROS2_Learning/ROS2_Basics/ros2_ws/install/my_cpp_pkg/lib/my_cpp_pkg/robot_news_station
[6.949s] -- Installing: /home/sushant-ros/Coding/ROS2_Learning/ROS2_Basics/ros2_ws/install/my_cpp_pkg/lib/my_cpp_pkg/smartphone
[6.957s] -- Set non-toolchain portion of runtime path of "/home/sushant-ros/Coding/ROS2_Learning/ROS2_Basics/ros2_ws/install/my_cpp_pkg/lib/my_cpp_pkg/smartphone" to ""
[6.958s] -- Installing: /home/sushant-ros/Coding/ROS2_Learning/ROS2_Basics/ros2_ws/install/my_cpp_pkg/lib/my_cpp_pkg/number_publisher
[6.960s] -- Set non-toolchain portion of runtime path of "/home/sushant-ros/Coding/ROS2_Learning/ROS2_Basics/ros2_ws/install/my_cpp_pkg/lib/my_cpp_pkg/number_publisher" to ""
[6.960s] -- Up-to-date: /home/sushant-ros/Coding/ROS2_Learning/ROS2_Basics/ros2_ws/install/my_cpp_pkg/share/ament_index/resource_index/package_run_dependencies/my_cpp_pkg
[6.960s] -- Installing: /home/sushant-ros/Coding/ROS2_Learning/ROS2_Basics/ros2_ws/install/my_cpp_pkg/share/ament_index/resource_index/parent_prefix_path/my_cpp_pkg
[6.962s] -- Up-to-date: /home/sushant-ros/Coding/ROS2_Learning/ROS2_Basics/ros2_ws/install/my_cpp_pkg/share/my_cpp_pkg/environment/ament_prefix_path.sh
[6.962s] -- Up-to-date: /home/sushant-ros/Coding/ROS2_Learning/ROS2_Basics/ros2_ws/install/my_cpp_pkg/share/my_cpp_pkg/environment/ament_prefix_path.dsv
[6.963s] -- Up-to-date: /home/sushant-ros/Coding/ROS2_Learning/ROS2_Basics/ros2_ws/install/my_cpp_pkg/share/my_cpp_pkg/environment/path.sh
[6.963s] -- Up-to-date: /home/sushant-ros/Coding/ROS2_Learning/ROS2_Basics/ros2_ws/install/my_cpp_pkg/share/my_cpp_pkg/environment/path.dsv
[6.963s] -- Up-to-date: /home/sushant-ros/Coding/ROS2_Learning/ROS2_Basics/ros2_ws/install/my_cpp_pkg/share/my_cpp_pkg/local_setup.bash
[6.963s] -- Up-to-date: /home/sushant-ros/Coding/ROS2_Learning/ROS2_Basics/ros2_ws/install/my_cpp_pkg/share/my_cpp_pkg/local_setup.sh
[6.964s] -- Up-to-date: /home/sushant-ros/Coding/ROS2_Learning/ROS2_Basics/ros2_ws/install/my_cpp_pkg/share/my_cpp_pkg/local_setup.zsh
[6.964s] -- Up-to-date: /home/sushant-ros/Coding/ROS2_Learning/ROS2_Basics/ros2_ws/install/my_cpp_pkg/share/my_cpp_pkg/local_setup.dsv
[6.964s] -- Installing: /home/sushant-ros/Coding/ROS2_Learning/ROS2_Basics/ros2_ws/install/my_cpp_pkg/share/my_cpp_pkg/package.dsv
[6.964s] -- Up-to-date: /home/sushant-ros/Coding/ROS2_Learning/ROS2_Basics/ros2_ws/install/my_cpp_pkg/share/ament_index/resource_index/packages/my_cpp_pkg
[6.964s] -- Up-to-date: /home/sushant-ros/Coding/ROS2_Learning/ROS2_Basics/ros2_ws/install/my_cpp_pkg/share/my_cpp_pkg/cmake/my_cpp_pkgConfig.cmake
[6.964s] -- Up-to-date: /home/sushant-ros/Coding/ROS2_Learning/ROS2_Basics/ros2_ws/install/my_cpp_pkg/share/my_cpp_pkg/cmake/my_cpp_pkgConfig-version.cmake
[6.965s] -- Up-to-date: /home/sushant-ros/Coding/ROS2_Learning/ROS2_Basics/ros2_ws/install/my_cpp_pkg/share/my_cpp_pkg/package.xml
[6.967s] Invoked command in '/home/sushant-ros/Coding/ROS2_Learning/ROS2_Basics/ros2_ws/build/my_cpp_pkg' returned '0': CMAKE_PREFIX_PATH=${CMAKE_PREFIX_PATH}:/home/sushant-ros/Coding/ROS2_Learning/ROS2_Basics/ros2_ws/install/my_py_pkg:/opt/ros/jazzy DEBUGINFOD_URLS=https://debuginfod.ubuntu.com /usr/bin/cmake --install /home/sushant-ros/Coding/ROS2_Learning/ROS2_Basics/ros2_ws/build/my_cpp_pkg
