[0.039s] Invoking command in '/home/sushant-ros/Coding/ROS2_Learning/ROS2_Basics/ros2_ws/build/my_cpp_pkg': CMAKE_PREFIX_PATH=${CMAKE_PREFIX_PATH}:/home/sushant-ros/Coding/ROS2_Learning/ROS2_Basics/ros2_ws/install/my_py_pkg:/opt/ros/jazzy DEBUGINFOD_URLS=https://debuginfod.ubuntu.com /usr/bin/cmake --build /home/sushant-ros/Coding/ROS2_Learning/ROS2_Basics/ros2_ws/build/my_cpp_pkg -- -j8 -l8
[0.338s] [ 75%] Built target cpp_node
[0.338s] [ 75%] [32mBuilding CXX object CMakeFiles/cpp_node_oop.dir/src/my_first_node_oop.cpp.o[0m
[8.118s] [100%] [32m[1mLinking CXX executable cpp_node_oop[0m
[8.514s] [100%] Built target cpp_node_oop
[8.540s] Invoked command in '/home/sushant-ros/Coding/ROS2_Learning/ROS2_Basics/ros2_ws/build/my_cpp_pkg' returned '0': CMAKE_PREFIX_PATH=${CMAKE_PREFIX_PATH}:/home/sushant-ros/Coding/ROS2_Learning/ROS2_Basics/ros2_ws/install/my_py_pkg:/opt/ros/jazzy DEBUGINFOD_URLS=https://debuginfod.ubuntu.com /usr/bin/cmake --build /home/sushant-ros/Coding/ROS2_Learning/ROS2_Basics/ros2_ws/build/my_cpp_pkg -- -j8 -l8
[8.580s] Invoking command in '/home/sushant-ros/Coding/ROS2_Learning/ROS2_Basics/ros2_ws/build/my_cpp_pkg': CMAKE_PREFIX_PATH=${CMAKE_PREFIX_PATH}:/home/sushant-ros/Coding/ROS2_Learning/ROS2_Basics/ros2_ws/install/my_py_pkg:/opt/ros/jazzy DEBUGINFOD_URLS=https://debuginfod.ubuntu.com /usr/bin/cmake --install /home/sushant-ros/Coding/ROS2_Learning/ROS2_Basics/ros2_ws/build/my_cpp_pkg
[8.616s] -- Install configuration: ""
[8.620s] -- Up-to-date: /home/sushant-ros/Coding/ROS2_Learning/ROS2_Basics/ros2_ws/install/my_cpp_pkg/lib/my_cpp_pkg/cpp_node
[8.624s] -- Installing: /home/sushant-ros/Coding/ROS2_Learning/ROS2_Basics/ros2_ws/install/my_cpp_pkg/lib/my_cpp_pkg/cpp_node_oop
[8.627s] -- Set non-toolchain portion of runtime path of "/home/sushant-ros/Coding/ROS2_Learning/ROS2_Basics/ros2_ws/install/my_cpp_pkg/lib/my_cpp_pkg/cpp_node_oop" to ""
[8.628s] -- Up-to-date: /home/sushant-ros/Coding/ROS2_Learning/ROS2_Basics/ros2_ws/install/my_cpp_pkg/share/ament_index/resource_index/package_run_dependencies/my_cpp_pkg
[8.629s] -- Up-to-date: /home/sushant-ros/Coding/ROS2_Learning/ROS2_Basics/ros2_ws/install/my_cpp_pkg/share/ament_index/resource_index/parent_prefix_path/my_cpp_pkg
[8.630s] -- Up-to-date: /home/sushant-ros/Coding/ROS2_Learning/ROS2_Basics/ros2_ws/install/my_cpp_pkg/share/my_cpp_pkg/environment/ament_prefix_path.sh
[8.631s] -- Up-to-date: /home/sushant-ros/Coding/ROS2_Learning/ROS2_Basics/ros2_ws/install/my_cpp_pkg/share/my_cpp_pkg/environment/ament_prefix_path.dsv
[8.632s] -- Up-to-date: /home/sushant-ros/Coding/ROS2_Learning/ROS2_Basics/ros2_ws/install/my_cpp_pkg/share/my_cpp_pkg/environment/path.sh
[8.632s] -- Up-to-date: /home/sushant-ros/Coding/ROS2_Learning/ROS2_Basics/ros2_ws/install/my_cpp_pkg/share/my_cpp_pkg/environment/path.dsv
[8.633s] -- Up-to-date: /home/sushant-ros/Coding/ROS2_Learning/ROS2_Basics/ros2_ws/install/my_cpp_pkg/share/my_cpp_pkg/local_setup.bash
[8.634s] -- Up-to-date: /home/sushant-ros/Coding/ROS2_Learning/ROS2_Basics/ros2_ws/install/my_cpp_pkg/share/my_cpp_pkg/local_setup.sh
[8.634s] -- Up-to-date: /home/sushant-ros/Coding/ROS2_Learning/ROS2_Basics/ros2_ws/install/my_cpp_pkg/share/my_cpp_pkg/local_setup.zsh
[8.635s] -- Up-to-date: /home/sushant-ros/Coding/ROS2_Learning/ROS2_Basics/ros2_ws/install/my_cpp_pkg/share/my_cpp_pkg/local_setup.dsv
[8.636s] -- Installing: /home/sushant-ros/Coding/ROS2_Learning/ROS2_Basics/ros2_ws/install/my_cpp_pkg/share/my_cpp_pkg/package.dsv
[8.637s] -- Up-to-date: /home/sushant-ros/Coding/ROS2_Learning/ROS2_Basics/ros2_ws/install/my_cpp_pkg/share/ament_index/resource_index/packages/my_cpp_pkg
[8.638s] -- Up-to-date: /home/sushant-ros/Coding/ROS2_Learning/ROS2_Basics/ros2_ws/install/my_cpp_pkg/share/my_cpp_pkg/cmake/my_cpp_pkgConfig.cmake
[8.639s] -- Up-to-date: /home/sushant-ros/Coding/ROS2_Learning/ROS2_Basics/ros2_ws/install/my_cpp_pkg/share/my_cpp_pkg/cmake/my_cpp_pkgConfig-version.cmake
[8.640s] -- Up-to-date: /home/sushant-ros/Coding/ROS2_Learning/ROS2_Basics/ros2_ws/install/my_cpp_pkg/share/my_cpp_pkg/package.xml
[8.646s] Invoked command in '/home/sushant-ros/Coding/ROS2_Learning/ROS2_Basics/ros2_ws/build/my_cpp_pkg' returned '0': CMAKE_PREFIX_PATH=${CMAKE_PREFIX_PATH}:/home/sushant-ros/Coding/ROS2_Learning/ROS2_Basics/ros2_ws/install/my_py_pkg:/opt/ros/jazzy DEBUGINFOD_URLS=https://debuginfod.ubuntu.com /usr/bin/cmake --install /home/sushant-ros/Coding/ROS2_Learning/ROS2_Basics/ros2_ws/build/my_cpp_pkg
