[0.023s] Invoking command in '/home/sushant-ros/Coding/ROS2_Learning/ROS2_Basics/ros2_ws/build/my_cpp_pkg': CMAKE_PREFIX_PATH=${CMAKE_PREFIX_PATH}:/home/sushant-ros/Coding/ROS2_Learning/ROS2_Basics/ros2_ws/install/my_py_pkg:/opt/ros/jazzy DEBUGINFOD_URLS=https://debuginfod.ubuntu.com /usr/bin/cmake --build /home/sushant-ros/Coding/ROS2_Learning/ROS2_Basics/ros2_ws/build/my_cpp_pkg -- -j8 -l8
[0.255s] [100%] Built target cpp_node
[0.255s] [100%] Built target cpp_node_oop
[0.404s] Invoked command in '/home/sushant-ros/Coding/ROS2_Learning/ROS2_Basics/ros2_ws/build/my_cpp_pkg' returned '0': CMAKE_PREFIX_PATH=${CMAKE_PREFIX_PATH}:/home/sushant-ros/Coding/ROS2_Learning/ROS2_Basics/ros2_ws/install/my_py_pkg:/opt/ros/jazzy DEBUGINFOD_URLS=https://debuginfod.ubuntu.com /usr/bin/cmake --build /home/sushant-ros/Coding/ROS2_Learning/ROS2_Basics/ros2_ws/build/my_cpp_pkg -- -j8 -l8
[0.427s] Invoking command in '/home/sushant-ros/Coding/ROS2_Learning/ROS2_Basics/ros2_ws/build/my_cpp_pkg': CMAKE_PREFIX_PATH=${CMAKE_PREFIX_PATH}:/home/sushant-ros/Coding/ROS2_Learning/ROS2_Basics/ros2_ws/install/my_py_pkg:/opt/ros/jazzy DEBUGINFOD_URLS=https://debuginfod.ubuntu.com /usr/bin/cmake --install /home/sushant-ros/Coding/ROS2_Learning/ROS2_Basics/ros2_ws/build/my_cpp_pkg
[0.456s] -- Install configuration: ""
[0.459s] -- Up-to-date: /home/sushant-ros/Coding/ROS2_Learning/ROS2_Basics/ros2_ws/install/my_cpp_pkg/lib/my_cpp_pkg/cpp_node
[0.459s] -- Up-to-date: /home/sushant-ros/Coding/ROS2_Learning/ROS2_Basics/ros2_ws/install/my_cpp_pkg/lib/my_cpp_pkg/cpp_node_oop
[0.461s] -- Up-to-date: /home/sushant-ros/Coding/ROS2_Learning/ROS2_Basics/ros2_ws/install/my_cpp_pkg/share/ament_index/resource_index/package_run_dependencies/my_cpp_pkg
[0.461s] -- Up-to-date: /home/sushant-ros/Coding/ROS2_Learning/ROS2_Basics/ros2_ws/install/my_cpp_pkg/share/ament_index/resource_index/parent_prefix_path/my_cpp_pkg
[0.461s] -- Up-to-date: /home/sushant-ros/Coding/ROS2_Learning/ROS2_Basics/ros2_ws/install/my_cpp_pkg/share/my_cpp_pkg/environment/ament_prefix_path.sh
[0.461s] -- Up-to-date: /home/sushant-ros/Coding/ROS2_Learning/ROS2_Basics/ros2_ws/install/my_cpp_pkg/share/my_cpp_pkg/environment/ament_prefix_path.dsv
[0.462s] -- Up-to-date: /home/sushant-ros/Coding/ROS2_Learning/ROS2_Basics/ros2_ws/install/my_cpp_pkg/share/my_cpp_pkg/environment/path.sh
[0.462s] -- Up-to-date: /home/sushant-ros/Coding/ROS2_Learning/ROS2_Basics/ros2_ws/install/my_cpp_pkg/share/my_cpp_pkg/environment/path.dsv
[0.462s] -- Up-to-date: /home/sushant-ros/Coding/ROS2_Learning/ROS2_Basics/ros2_ws/install/my_cpp_pkg/share/my_cpp_pkg/local_setup.bash
[0.462s] -- Up-to-date: /home/sushant-ros/Coding/ROS2_Learning/ROS2_Basics/ros2_ws/install/my_cpp_pkg/share/my_cpp_pkg/local_setup.sh
[0.463s] -- Up-to-date: /home/sushant-ros/Coding/ROS2_Learning/ROS2_Basics/ros2_ws/install/my_cpp_pkg/share/my_cpp_pkg/local_setup.zsh
[0.463s] -- Up-to-date: /home/sushant-ros/Coding/ROS2_Learning/ROS2_Basics/ros2_ws/install/my_cpp_pkg/share/my_cpp_pkg/local_setup.dsv
[0.463s] -- Installing: /home/sushant-ros/Coding/ROS2_Learning/ROS2_Basics/ros2_ws/install/my_cpp_pkg/share/my_cpp_pkg/package.dsv
[0.463s] -- Up-to-date: /home/sushant-ros/Coding/ROS2_Learning/ROS2_Basics/ros2_ws/install/my_cpp_pkg/share/ament_index/resource_index/packages/my_cpp_pkg
[0.464s] -- Up-to-date: /home/sushant-ros/Coding/ROS2_Learning/ROS2_Basics/ros2_ws/install/my_cpp_pkg/share/my_cpp_pkg/cmake/my_cpp_pkgConfig.cmake
[0.464s] -- Up-to-date: /home/sushant-ros/Coding/ROS2_Learning/ROS2_Basics/ros2_ws/install/my_cpp_pkg/share/my_cpp_pkg/cmake/my_cpp_pkgConfig-version.cmake
[0.464s] -- Up-to-date: /home/sushant-ros/Coding/ROS2_Learning/ROS2_Basics/ros2_ws/install/my_cpp_pkg/share/my_cpp_pkg/package.xml
[0.468s] Invoked command in '/home/sushant-ros/Coding/ROS2_Learning/ROS2_Basics/ros2_ws/build/my_cpp_pkg' returned '0': CMAKE_PREFIX_PATH=${CMAKE_PREFIX_PATH}:/home/sushant-ros/Coding/ROS2_Learning/ROS2_Basics/ros2_ws/install/my_py_pkg:/opt/ros/jazzy DEBUGINFOD_URLS=https://debuginfod.ubuntu.com /usr/bin/cmake --install /home/sushant-ros/Coding/ROS2_Learning/ROS2_Basics/ros2_ws/build/my_cpp_pkg
