[0.027s] Invoking command in '/home/sushant-ros/Coding/ROS2_Learning/ROS2_Basics/ros2_ws/build/my_cpp_pkg': CMAKE_PREFIX_PATH=${CMAKE_PREFIX_PATH}:/home/sushant-ros/Coding/ROS2_Learning/ROS2_Basics/ros2_ws/install/my_py_pkg:/opt/ros/jazzy DEBUGINFOD_URLS=https://debuginfod.ubuntu.com /usr/bin/cmake --build /home/sushant-ros/Coding/ROS2_Learning/ROS2_Basics/ros2_ws/build/my_cpp_pkg -- -j8 -l8
[0.088s] -- Found ament_cmake: 2.5.4 (/opt/ros/jazzy/share/ament_cmake/cmake)
[0.441s] -- Found rclcpp: 28.1.13 (/opt/ros/jazzy/share/rclcpp/cmake)
[0.499s] -- Found rosidl_generator_c: 4.6.6 (/opt/ros/jazzy/share/rosidl_generator_c/cmake)
[0.516s] -- Found rosidl_generator_cpp: 4.6.6 (/opt/ros/jazzy/share/rosidl_generator_cpp/cmake)
[0.541s] -- Using all available rosidl_typesupport_c: rosidl_typesupport_fastrtps_c;rosidl_typesupport_introspection_c
[0.566s] -- Using all available rosidl_typesupport_cpp: rosidl_typesupport_fastrtps_cpp;rosidl_typesupport_introspection_cpp
[0.686s] -- Found rmw_implementation_cmake: 7.3.2 (/opt/ros/jazzy/share/rmw_implementation_cmake/cmake)
[0.690s] -- Found rmw_fastrtps_cpp: 8.4.3 (/opt/ros/jazzy/share/rmw_fastrtps_cpp/cmake)
[0.799s] -- Using RMW implementation 'rmw_fastrtps_cpp' as default
[0.916s] -- Found example_interfaces: 0.12.0 (/opt/ros/jazzy/share/example_interfaces/cmake)
[1.147s] -- Configuring done (1.1s)
[1.219s] -- Generating done (0.1s)
[1.237s] -- Build files have been written to: /home/sushant-ros/Coding/ROS2_Learning/ROS2_Basics/ros2_ws/build/my_cpp_pkg
[1.343s] [ 14%] Built target cpp_node_oop
[1.345s] [ 35%] Built target number_publisher
[1.345s] [ 35%] [32mBuilding CXX object CMakeFiles/add_two_ints_server.dir/src/add_two_ints_server.cpp.o[0m
[1.345s] [ 50%] Built target smartphone
[1.346s] [ 64%] Built target number_counter
[1.350s] [ 78%] Built target cpp_node
[1.352s] [ 92%] Built target robot_news_station
[4.721s] [01m[K/home/sushant-ros/Coding/ROS2_Learning/ROS2_Basics/ros2_ws/src/my_cpp_pkg/src/add_two_ints_server.cpp:5:28:[m[K [01;31m[Kerror: [m[Kexpected unqualified-id before ‘[01m[K)[m[K’ token
[4.721s]     5 | class AddTwoIntsServerNode([01;31m[K)[m[K: public rclcpp::Node
[4.721s]       |                            [01;31m[K^[m[K
[4.723s] [01m[K/home/sushant-ros/Coding/ROS2_Learning/ROS2_Basics/ros2_ws/src/my_cpp_pkg/src/add_two_ints_server.cpp:[m[K In function ‘[01m[Kint[01;32m[K main[m[K(int, char**)[m[K’:
[4.723s] [01m[K/home/sushant-ros/Coding/ROS2_Learning/ROS2_Basics/ros2_ws/src/my_cpp_pkg/src/add_two_ints_server.cpp:27:17:[m[K [01;31m[Kerror: [m[Kno matching function for call to ‘[01m[Kspin(std::shared_ptr<AddTwoIntsServerNode>&)[m[K’
[4.724s]    27 |     [01;31m[Krclcpp::spin(node)[m[K;
[4.724s]       |     [01;31m[K~~~~~~~~~~~~^~~~~~[m[K
[4.724s] In file included from [01m[K/opt/ros/jazzy/include/rclcpp/rclcpp/rclcpp.hpp:172[m[K,
[4.724s]                  from [01m[K/home/sushant-ros/Coding/ROS2_Learning/ROS2_Basics/ros2_ws/src/my_cpp_pkg/src/add_two_ints_server.cpp:1[m[K:
[4.724s] [01m[K/opt/ros/jazzy/include/rclcpp/rclcpp/executors.hpp:58:1:[m[K [01;36m[Knote: [m[Kcandidate: ‘[01m[Kvoid rclcpp::[01;32m[Kspin[m[K(node_interfaces::NodeBaseInterface::SharedPtr)[m[K’
[4.724s]    58 | [01;36m[Kspin[m[K(rclcpp::node_interfaces::NodeBaseInterface::SharedPtr node_ptr);
[4.724s]       | [01;36m[K^~~~[m[K
[4.724s] [01m[K/opt/ros/jazzy/include/rclcpp/rclcpp/executors.hpp:58:60:[m[K [01;36m[Knote: [m[K  no known conversion for argument 1 from ‘[01m[Kshared_ptr<[01;32m[KAddTwoIntsServerNode[m[K>[m[K’ to ‘[01m[Kshared_ptr<[01;32m[Krclcpp::node_interfaces::NodeBaseInterface[m[K>[m[K’
[4.724s]    58 | spin([01;36m[Krclcpp::node_interfaces::NodeBaseInterface::SharedPtr node_ptr[m[K);
[4.725s]       |      [01;36m[K~~~~~~~~~~~~~~~~~~~~~~~~~~~~~~~~~~~~~~~~~~~~~~~~~~~~~~^~~~~~~~[m[K
[4.725s] [01m[K/opt/ros/jazzy/include/rclcpp/rclcpp/executors.hpp:62:1:[m[K [01;36m[Knote: [m[Kcandidate: ‘[01m[Kvoid rclcpp::[01;32m[Kspin[m[K(Node::SharedPtr)[m[K’
[4.725s]    62 | [01;36m[Kspin[m[K(rclcpp::Node::SharedPtr node_ptr);
[4.725s]       | [01;36m[K^~~~[m[K
[4.725s] [01m[K/opt/ros/jazzy/include/rclcpp/rclcpp/executors.hpp:62:30:[m[K [01;36m[Knote: [m[K  no known conversion for argument 1 from ‘[01m[Kshared_ptr<[01;32m[KAddTwoIntsServerNode[m[K>[m[K’ to ‘[01m[Kshared_ptr<[01;32m[Krclcpp::Node[m[K>[m[K’
[4.725s]    62 | spin([01;36m[Krclcpp::Node::SharedPtr node_ptr[m[K);
[4.725s]       |      [01;36m[K~~~~~~~~~~~~~~~~~~~~~~~~^~~~~~~~[m[K
[5.291s] In file included from [01m[K/usr/include/c++/13/bits/shared_ptr_base.h:60[m[K,
[5.291s]                  from [01m[K/usr/include/c++/13/bits/shared_ptr.h:53[m[K,
[5.292s]                  from [01m[K/usr/include/c++/13/memory:80[m[K,
[5.292s]                  from [01m[K/opt/ros/jazzy/include/rclcpp/rclcpp/rclcpp.hpp:169[m[K:
[5.292s] /usr/include/c++/13/ext/aligned_buffer.h: In instantiation of ‘[01m[Kstruct __gnu_cxx::__aligned_buffer<AddTwoIntsServerNode>[m[K’:
[5.292s] [01m[K/usr/include/c++/13/bits/shared_ptr_base.h:591:35:[m[K   required from ‘[01m[Kclass std::_Sp_counted_ptr_inplace<AddTwoIntsServerNode, std::allocator<void>, __gnu_cxx::_S_atomic>::_Impl[m[K’
[5.292s] [01m[K/usr/include/c++/13/bits/shared_ptr_base.h:652:13:[m[K   required from ‘[01m[Kclass std::_Sp_counted_ptr_inplace<AddTwoIntsServerNode, std::allocator<void>, __gnu_cxx::_S_atomic>[m[K’
[5.292s] [01m[K/usr/include/c++/13/bits/shared_ptr_base.h:968:43:[m[K   required from ‘[01m[Kstd::__shared_count<_Lp>::[01;32m[K__shared_count[m[K(_Tp*&, std::_Sp_alloc_shared_tag<_Alloc>, _Args&& ...) [35m[K[with _Tp = AddTwoIntsServerNode; _Alloc = std::allocator<void>; _Args = {}; __gnu_cxx::_Lock_policy _Lp = __gnu_cxx::_S_atomic][m[K[m[K’
[5.292s] [01m[K/usr/include/c++/13/bits/shared_ptr_base.h:1712:14:[m[K   required from ‘[01m[Kstd::__shared_ptr<_Tp, _Lp>::[01;32m[K__shared_ptr[m[K(std::_Sp_alloc_shared_tag<_Tp>, _Args&& ...) [35m[K[with _Alloc = std::allocator<void>; _Args = {}; _Tp = AddTwoIntsServerNode; __gnu_cxx::_Lock_policy _Lp = __gnu_cxx::_S_atomic][m[K[m[K’
[5.292s] [01m[K/usr/include/c++/13/bits/shared_ptr.h:464:59:[m[K   required from ‘[01m[Kstd::shared_ptr<_Tp>::[01;32m[Kshared_ptr[m[K(std::_Sp_alloc_shared_tag<_Tp>, _Args&& ...) [35m[K[with _Alloc = std::allocator<void>; _Args = {}; _Tp = AddTwoIntsServerNode][m[K[m[K’
[5.293s] [01m[K/usr/include/c++/13/bits/shared_ptr.h:1009:14:[m[K   required from ‘[01m[Kstd::shared_ptr<typename std::enable_if<(! std::is_array< <template-parameter-1-1> >::value), _Tp>::type> std::[01;32m[Kmake_shared[m[K(_Args&& ...) [35m[K[with _Tp = AddTwoIntsServerNode; _Args = {}; typename enable_if<(! is_array< <template-parameter-1-1> >::value), _Tp>::type = AddTwoIntsServerNode][m[K[m[K’
[5.293s] [01m[K/home/sushant-ros/Coding/ROS2_Learning/ROS2_Basics/ros2_ws/src/my_cpp_pkg/src/add_two_ints_server.cpp:26:55:[m[K   required from here
[5.293s] [01m[K/usr/include/c++/13/ext/aligned_buffer.h:93:28:[m[K [01;31m[Kerror: [m[Kinvalid application of ‘[01m[Ksizeof[m[K’ to incomplete type ‘[01m[KAddTwoIntsServerNode[m[K’
[5.293s]    93 |     : std::aligned_storage<[01;31m[Ksizeof(_Tp)[m[K, __alignof__(_Tp)>
[5.293s]       |                            [01;31m[K^~~~~~~~~~~[m[K
[5.293s] [01m[K/usr/include/c++/13/ext/aligned_buffer.h:93:28:[m[K [01;31m[Kerror: [m[Kinvalid application of ‘[01m[Ksizeof[m[K’ to incomplete type ‘[01m[KAddTwoIntsServerNode[m[K’
[5.584s] gmake[2]: *** [CMakeFiles/add_two_ints_server.dir/build.make:76: CMakeFiles/add_two_ints_server.dir/src/add_two_ints_server.cpp.o] Error 1
[5.584s] gmake[1]: *** [CMakeFiles/Makefile2:305: CMakeFiles/add_two_ints_server.dir/all] Error 2
[5.585s] gmake: *** [Makefile:146: all] Error 2
[5.588s] Invoked command in '/home/sushant-ros/Coding/ROS2_Learning/ROS2_Basics/ros2_ws/build/my_cpp_pkg' returned '2': CMAKE_PREFIX_PATH=${CMAKE_PREFIX_PATH}:/home/sushant-ros/Coding/ROS2_Learning/ROS2_Basics/ros2_ws/install/my_py_pkg:/opt/ros/jazzy DEBUGINFOD_URLS=https://debuginfod.ubuntu.com /usr/bin/cmake --build /home/sushant-ros/Coding/ROS2_Learning/ROS2_Basics/ros2_ws/build/my_cpp_pkg -- -j8 -l8
