[0.071s] Invoking command in '/home/sushant-ros/Coding/ROS2_Learning/ROS2_Basics/ros2_ws/build/my_cpp_pkg': CMAKE_PREFIX_PATH=${CMAKE_PREFIX_PATH}:/home/sushant-ros/Coding/ROS2_Learning/ROS2_Basics/ros2_ws/install/my_py_pkg:/opt/ros/jazzy DEBUGINFOD_URLS=https://debuginfod.ubuntu.com /usr/bin/cmake --build /home/sushant-ros/Coding/ROS2_Learning/ROS2_Basics/ros2_ws/build/my_cpp_pkg -- -j8 -l8
[0.166s] -- Found ament_cmake: 2.5.4 (/opt/ros/jazzy/share/ament_cmake/cmake)
[1.159s] -- Found rclcpp: 28.1.13 (/opt/ros/jazzy/share/rclcpp/cmake)
[1.246s] -- Found rosidl_generator_c: 4.6.6 (/opt/ros/jazzy/share/rosidl_generator_c/cmake)
[1.280s] -- Found rosidl_generator_cpp: 4.6.6 (/opt/ros/jazzy/share/rosidl_generator_cpp/cmake)
[1.330s] -- Using all available rosidl_typesupport_c: rosidl_typesupport_fastrtps_c;rosidl_typesupport_introspection_c
[1.367s] -- Using all available rosidl_typesupport_cpp: rosidl_typesupport_fastrtps_cpp;rosidl_typesupport_introspection_cpp
[1.502s] -- Found rmw_implementation_cmake: 7.3.2 (/opt/ros/jazzy/share/rmw_implementation_cmake/cmake)
[1.507s] -- Found rmw_fastrtps_cpp: 8.4.3 (/opt/ros/jazzy/share/rmw_fastrtps_cpp/cmake)
[1.644s] -- Using RMW implementation 'rmw_fastrtps_cpp' as default
[1.777s] -- Found example_interfaces: 0.12.0 (/opt/ros/jazzy/share/example_interfaces/cmake)
[2.040s] -- Configuring done (1.9s)
[2.134s] -- Generating done (0.1s)
[2.168s] -- Build files have been written to: /home/sushant-ros/Coding/ROS2_Learning/ROS2_Basics/ros2_ws/build/my_cpp_pkg
[2.303s] [ 14%] Built target cpp_node
[2.312s] [ 28%] Built target number_publisher
[2.325s] [ 35%] [32m[1mLinking CXX executable add_two_ints_server[0m
[2.326s] [ 50%] Built target cpp_node_oop
[2.330s] [ 64%] Built target smartphone
[2.331s] [ 78%] Built target robot_news_station
[2.344s] [ 92%] Built target number_counter
[2.742s] [100%] Built target add_two_ints_server
[2.762s] Invoked command in '/home/sushant-ros/Coding/ROS2_Learning/ROS2_Basics/ros2_ws/build/my_cpp_pkg' returned '0': CMAKE_PREFIX_PATH=${CMAKE_PREFIX_PATH}:/home/sushant-ros/Coding/ROS2_Learning/ROS2_Basics/ros2_ws/install/my_py_pkg:/opt/ros/jazzy DEBUGINFOD_URLS=https://debuginfod.ubuntu.com /usr/bin/cmake --build /home/sushant-ros/Coding/ROS2_Learning/ROS2_Basics/ros2_ws/build/my_cpp_pkg -- -j8 -l8
[2.778s] Invoking command in '/home/sushant-ros/Coding/ROS2_Learning/ROS2_Basics/ros2_ws/build/my_cpp_pkg': CMAKE_PREFIX_PATH=${CMAKE_PREFIX_PATH}:/home/sushant-ros/Coding/ROS2_Learning/ROS2_Basics/ros2_ws/install/my_py_pkg:/opt/ros/jazzy DEBUGINFOD_URLS=https://debuginfod.ubuntu.com /usr/bin/cmake --install /home/sushant-ros/Coding/ROS2_Learning/ROS2_Basics/ros2_ws/build/my_cpp_pkg
[2.788s] -- Install configuration: ""
[2.788s] -- Up-to-date: /home/sushant-ros/Coding/ROS2_Learning/ROS2_Basics/ros2_ws/install/my_cpp_pkg/lib/my_cpp_pkg/cpp_node
[2.789s] -- Up-to-date: /home/sushant-ros/Coding/ROS2_Learning/ROS2_Basics/ros2_ws/install/my_cpp_pkg/lib/my_cpp_pkg/cpp_node_oop
[2.789s] -- Up-to-date: /home/sushant-ros/Coding/ROS2_Learning/ROS2_Basics/ros2_ws/install/my_cpp_pkg/lib/my_cpp_pkg/robot_news_station
[2.790s] -- Up-to-date: /home/sushant-ros/Coding/ROS2_Learning/ROS2_Basics/ros2_ws/install/my_cpp_pkg/lib/my_cpp_pkg/smartphone
[2.790s] -- Up-to-date: /home/sushant-ros/Coding/ROS2_Learning/ROS2_Basics/ros2_ws/install/my_cpp_pkg/lib/my_cpp_pkg/number_publisher
[2.791s] -- Up-to-date: /home/sushant-ros/Coding/ROS2_Learning/ROS2_Basics/ros2_ws/install/my_cpp_pkg/lib/my_cpp_pkg/number_counter
[2.791s] -- Installing: /home/sushant-ros/Coding/ROS2_Learning/ROS2_Basics/ros2_ws/install/my_cpp_pkg/lib/my_cpp_pkg/add_two_ints_server
[2.793s] -- Set non-toolchain portion of runtime path of "/home/sushant-ros/Coding/ROS2_Learning/ROS2_Basics/ros2_ws/install/my_cpp_pkg/lib/my_cpp_pkg/add_two_ints_server" to ""
[2.793s] -- Up-to-date: /home/sushant-ros/Coding/ROS2_Learning/ROS2_Basics/ros2_ws/install/my_cpp_pkg/share/ament_index/resource_index/package_run_dependencies/my_cpp_pkg
[2.793s] -- Up-to-date: /home/sushant-ros/Coding/ROS2_Learning/ROS2_Basics/ros2_ws/install/my_cpp_pkg/share/ament_index/resource_index/parent_prefix_path/my_cpp_pkg
[2.793s] -- Up-to-date: /home/sushant-ros/Coding/ROS2_Learning/ROS2_Basics/ros2_ws/install/my_cpp_pkg/share/my_cpp_pkg/environment/ament_prefix_path.sh
[2.794s] -- Up-to-date: /home/sushant-ros/Coding/ROS2_Learning/ROS2_Basics/ros2_ws/install/my_cpp_pkg/share/my_cpp_pkg/environment/ament_prefix_path.dsv
[2.794s] -- Up-to-date: /home/sushant-ros/Coding/ROS2_Learning/ROS2_Basics/ros2_ws/install/my_cpp_pkg/share/my_cpp_pkg/environment/path.sh
[2.794s] -- Up-to-date: /home/sushant-ros/Coding/ROS2_Learning/ROS2_Basics/ros2_ws/install/my_cpp_pkg/share/my_cpp_pkg/environment/path.dsv
[2.794s] -- Up-to-date: /home/sushant-ros/Coding/ROS2_Learning/ROS2_Basics/ros2_ws/install/my_cpp_pkg/share/my_cpp_pkg/local_setup.bash
[2.794s] -- Up-to-date: /home/sushant-ros/Coding/ROS2_Learning/ROS2_Basics/ros2_ws/install/my_cpp_pkg/share/my_cpp_pkg/local_setup.sh
[2.794s] -- Up-to-date: /home/sushant-ros/Coding/ROS2_Learning/ROS2_Basics/ros2_ws/install/my_cpp_pkg/share/my_cpp_pkg/local_setup.zsh
[2.794s] -- Up-to-date: /home/sushant-ros/Coding/ROS2_Learning/ROS2_Basics/ros2_ws/install/my_cpp_pkg/share/my_cpp_pkg/local_setup.dsv
[2.795s] -- Installing: /home/sushant-ros/Coding/ROS2_Learning/ROS2_Basics/ros2_ws/install/my_cpp_pkg/share/my_cpp_pkg/package.dsv
[2.795s] -- Up-to-date: /home/sushant-ros/Coding/ROS2_Learning/ROS2_Basics/ros2_ws/install/my_cpp_pkg/share/ament_index/resource_index/packages/my_cpp_pkg
[2.795s] -- Up-to-date: /home/sushant-ros/Coding/ROS2_Learning/ROS2_Basics/ros2_ws/install/my_cpp_pkg/share/my_cpp_pkg/cmake/my_cpp_pkgConfig.cmake
[2.795s] -- Up-to-date: /home/sushant-ros/Coding/ROS2_Learning/ROS2_Basics/ros2_ws/install/my_cpp_pkg/share/my_cpp_pkg/cmake/my_cpp_pkgConfig-version.cmake
[2.795s] -- Up-to-date: /home/sushant-ros/Coding/ROS2_Learning/ROS2_Basics/ros2_ws/install/my_cpp_pkg/share/my_cpp_pkg/package.xml
[2.796s] Invoked command in '/home/sushant-ros/Coding/ROS2_Learning/ROS2_Basics/ros2_ws/build/my_cpp_pkg' returned '0': CMAKE_PREFIX_PATH=${CMAKE_PREFIX_PATH}:/home/sushant-ros/Coding/ROS2_Learning/ROS2_Basics/ros2_ws/install/my_py_pkg:/opt/ros/jazzy DEBUGINFOD_URLS=https://debuginfod.ubuntu.com /usr/bin/cmake --install /home/sushant-ros/Coding/ROS2_Learning/ROS2_Basics/ros2_ws/build/my_cpp_pkg
