[0.023s] Invoking command in '/home/sushant-ros/Coding/ROS2_Learning/ROS2_Basics/ros2_ws/build/my_cpp_pkg': CMAKE_PREFIX_PATH=${CMAKE_PREFIX_PATH}:/home/sushant-ros/Coding/ROS2_Learning/ROS2_Basics/ros2_ws/install/my_py_pkg:/opt/ros/jazzy DEBUGINFOD_URLS=https://debuginfod.ubuntu.com /usr/bin/cmake --build /home/sushant-ros/Coding/ROS2_Learning/ROS2_Basics/ros2_ws/build/my_cpp_pkg -- -j8 -l8
[0.130s] [ 33%] Built target cpp_node
[0.133s] [ 66%] Built target cpp_node_oop
[0.142s] [ 83%] [32mBuilding CXX object CMakeFiles/robot_news_station.dir/src/robot_news_station.cpp.o[0m
[0.756s] [01m[K/home/sushant-ros/Coding/ROS2_Learning/ROS2_Basics/ros2_ws/src/my_cpp_pkg/src/robot_news_station.cpp:9:66:[m[K [01;35m[Kwarning: [m[Kcharacter constant too long for its type
[0.756s]     9 |     RobotNewsStation() : Node("robot_news_station"), robot_name_([01;35m[K'ROS2_Robot_Sushant'[m[K)
[0.756s]       |                                                                  [01;35m[K^~~~~~~~~~~~~~~~~~~~[m[K
[3.699s] [01m[K/home/sushant-ros/Coding/ROS2_Learning/ROS2_Basics/ros2_ws/src/my_cpp_pkg/src/robot_news_station.cpp:[m[K In constructor ‘[01m[KRobotNewsStation::[01;32m[KRobotNewsStation[m[K()[m[K’:
[3.699s] [01m[K/home/sushant-ros/Coding/ROS2_Learning/ROS2_Basics/ros2_ws/src/my_cpp_pkg/src/robot_news_station.cpp:9:54:[m[K [01;31m[Kerror: [m[Kno matching function for call to ‘[01m[Kstd::__cxx11::basic_string<char>::basic_string(int)[m[K’
[3.699s]     9 |     RobotNewsStation() : Node("robot_news_station"), [01;31m[Krobot_name_('ROS2_Robot_Sushant')[m[K
[3.700s]       |                                                      [01;31m[K^~~~~~~~~~~~~~~~~~~~~~~~~~~~~~~~~[m[K
[3.700s] In file included from [01m[K/usr/include/c++/13/string:54[m[K,
[3.700s]                  from [01m[K/opt/ros/jazzy/include/rclcpp/rclcpp/copy_all_parameter_values.hpp:18[m[K,
[3.700s]                  from [01m[K/opt/ros/jazzy/include/rclcpp/rclcpp/rclcpp.hpp:171[m[K,
[3.700s]                  from [01m[K/home/sushant-ros/Coding/ROS2_Learning/ROS2_Basics/ros2_ws/src/my_cpp_pkg/src/robot_news_station.cpp:1[m[K:
[3.700s] [01m[K/usr/include/c++/13/bits/basic_string.h:795:9:[m[K [01;36m[Knote: [m[Kcandidate: ‘[01m[Ktemplate<class _Tp, class> std::__cxx11::basic_string<_CharT, _Traits, _Alloc>::[01;32m[Kbasic_string[m[K(const _Tp&, const _Alloc&) [35m[K[with <template-parameter-2-2> = _Tp; _CharT = char; _Traits = std::char_traits<char>; _Alloc = std::allocator<char>][m[K[m[K’
[3.700s]   795 |         [01;36m[Kbasic_string[m[K(const _Tp& __t, const _Alloc& __a = _Alloc())
[3.701s]       |         [01;36m[K^~~~~~~~~~~~[m[K
[3.701s] [01m[K/usr/include/c++/13/bits/basic_string.h:795:9:[m[K [01;36m[Knote: [m[K  template argument deduction/substitution failed:
[3.701s] In file included from [01m[K/usr/include/c++/13/bits/move.h:37[m[K,
[3.701s]                  from [01m[K/usr/include/c++/13/bits/new_allocator.h:36[m[K,
[3.701s]                  from [01m[K/usr/include/x86_64-linux-gnu/c++/13/bits/c++allocator.h:33[m[K,
[3.701s]                  from [01m[K/usr/include/c++/13/bits/allocator.h:46[m[K,
[3.701s]                  from [01m[K/usr/include/c++/13/memory:65[m[K,
[3.701s]                  from [01m[K/opt/ros/jazzy/include/rclcpp/rclcpp/rclcpp.hpp:169[m[K:
[3.701s] /usr/include/c++/13/type_traits: In substitution of ‘[01m[Ktemplate<bool _Cond, class _Tp> using std::enable_if_t = typename std::enable_if::type [35m[K[with bool _Cond = false; _Tp = void][m[K[m[K’:
[3.701s] [01m[K/usr/include/c++/13/bits/basic_string.h:144:8:[m[K   required by substitution of ‘[01m[Ktemplate<class _CharT, class _Traits, class _Alloc> template<class _Tp, class _Res> using std::__cxx11::basic_string<_CharT, _Traits, _Alloc>::_If_sv = std::enable_if_t<std::__and_<std::is_convertible<const _Tp&, std::basic_string_view<_CharT, _Traits> >, std::__not_<std::is_convertible<const _Tp*, const std::__cxx11::basic_string<_CharT, _Traits, _Alloc>*> >, std::__not_<std::is_convertible<const _Tp&, const _CharT*> > >::value, _Res> [35m[K[with _Tp = int; _Res = void; _CharT = char; _Traits = std::char_traits<char>; _Alloc = std::allocator<char>][m[K[m[K’
[3.702s] [01m[K/usr/include/c++/13/bits/basic_string.h:792:30:[m[K   required from here
[3.702s] [01m[K/usr/include/c++/13/type_traits:2610:11:[m[K [01;31m[Kerror: [m[Kno type named ‘[01m[Ktype[m[K’ in ‘[01m[Kstruct std::enable_if<false, void>[m[K’
[3.702s]  2610 |     using [01;31m[Kenable_if_t[m[K = typename enable_if<_Cond, _Tp>::type;
[3.702s]       |           [01;31m[K^~~~~~~~~~~[m[K
[3.702s] [01m[K/usr/include/c++/13/bits/basic_string.h:783:9:[m[K [01;36m[Knote: [m[Kcandidate: ‘[01m[Ktemplate<class _Tp, class> std::__cxx11::basic_string<_CharT, _Traits, _Alloc>::[01;32m[Kbasic_string[m[K(const _Tp&, size_type, size_type, const _Alloc&) [35m[K[with <template-parameter-2-2> = _Tp; _CharT = char; _Traits = std::char_traits<char>; _Alloc = std::allocator<char>][m[K[m[K’
[3.702s]   783 |         [01;36m[Kbasic_string[m[K(const _Tp& __t, size_type __pos, size_type __n,
[3.702s]       |         [01;36m[K^~~~~~~~~~~~[m[K
[3.702s] [01m[K/usr/include/c++/13/bits/basic_string.h:783:9:[m[K [01;36m[Knote: [m[K  template argument deduction/substitution failed:
[3.702s] [01m[K/home/sushant-ros/Coding/ROS2_Learning/ROS2_Basics/ros2_ws/src/my_cpp_pkg/src/robot_news_station.cpp:9:54:[m[K [01;36m[Knote: [m[K  candidate expects 4 arguments, 1 provided
[3.702s]     9 |     RobotNewsStation() : Node("robot_news_station"), [01;36m[Krobot_name_('ROS2_Robot_Sushant')[m[K
[3.703s]       |                                                      [01;36m[K^~~~~~~~~~~~~~~~~~~~~~~~~~~~~~~~~[m[K
[3.703s] [01m[K/usr/include/c++/13/bits/basic_string.h:760:9:[m[K [01;36m[Knote: [m[Kcandidate: ‘[01m[Ktemplate<class _InputIterator, class> std::__cxx11::basic_string<_CharT, _Traits, _Alloc>::[01;32m[Kbasic_string[m[K(_InputIterator, _InputIterator, const _Alloc&) [35m[K[with <template-parameter-2-2> = _InputIterator; _CharT = char; _Traits = std::char_traits<char>; _Alloc = std::allocator<char>][m[K[m[K’
[3.703s]   760 |         [01;36m[Kbasic_string[m[K(_InputIterator __beg, _InputIterator __end,
[3.703s]       |         [01;36m[K^~~~~~~~~~~~[m[K
[3.703s] [01m[K/usr/include/c++/13/bits/basic_string.h:760:9:[m[K [01;36m[Knote: [m[K  template argument deduction/substitution failed:
[3.703s] [01m[K/home/sushant-ros/Coding/ROS2_Learning/ROS2_Basics/ros2_ws/src/my_cpp_pkg/src/robot_news_station.cpp:9:54:[m[K [01;36m[Knote: [m[K  candidate expects 3 arguments, 1 provided
[3.703s]     9 |     RobotNewsStation() : Node("robot_news_station"), [01;36m[Krobot_name_('ROS2_Robot_Sushant')[m[K
[3.703s]       |                                                      [01;36m[K^~~~~~~~~~~~~~~~~~~~~~~~~~~~~~~~~[m[K
[3.703s] [01m[K/usr/include/c++/13/bits/basic_string.h:664:7:[m[K [01;36m[Knote: [m[Kcandidate: ‘[01m[Ktemplate<class> std::__cxx11::basic_string<_CharT, _Traits, _Alloc>::[01;32m[Kbasic_string[m[K(size_type, _CharT, const _Alloc&) [35m[K[with _CharT = char; _Traits = std::char_traits<char>; _Alloc = std::allocator<char>][m[K[m[K’
[3.703s]   664 |       [01;36m[Kbasic_string[m[K(size_type __n, _CharT __c, const _Alloc& __a = _Alloc())
[3.703s]       |       [01;36m[K^~~~~~~~~~~~[m[K
[3.704s] [01m[K/usr/include/c++/13/bits/basic_string.h:664:7:[m[K [01;36m[Knote: [m[K  template argument deduction/substitution failed:
[3.704s] [01m[K/home/sushant-ros/Coding/ROS2_Learning/ROS2_Basics/ros2_ws/src/my_cpp_pkg/src/robot_news_station.cpp:9:54:[m[K [01;36m[Knote: [m[K  candidate expects 3 arguments, 1 provided
[3.704s]     9 |     RobotNewsStation() : Node("robot_news_station"), [01;36m[Krobot_name_('ROS2_Robot_Sushant')[m[K
[3.704s]       |                                                      [01;36m[K^~~~~~~~~~~~~~~~~~~~~~~~~~~~~~~~~[m[K
[3.704s] [01m[K/usr/include/c++/13/bits/basic_string.h:641:7:[m[K [01;36m[Knote: [m[Kcandidate: ‘[01m[Ktemplate<class> std::__cxx11::basic_string<_CharT, _Traits, _Alloc>::[01;32m[Kbasic_string[m[K(const _CharT*, const _Alloc&) [35m[K[with _CharT = char; _Traits = std::char_traits<char>; _Alloc = std::allocator<char>][m[K[m[K’
[3.704s]   641 |       [01;36m[Kbasic_string[m[K(const _CharT* __s, const _Alloc& __a = _Alloc())
[3.704s]       |       [01;36m[K^~~~~~~~~~~~[m[K
[3.704s] [01m[K/usr/include/c++/13/bits/basic_string.h:641:7:[m[K [01;36m[Knote: [m[K  template argument deduction/substitution failed:
[3.704s] [01m[K/home/sushant-ros/Coding/ROS2_Learning/ROS2_Basics/ros2_ws/src/my_cpp_pkg/src/robot_news_station.cpp:9:66:[m[K [01;36m[Knote: [m[K  cannot convert ‘[01m[K1751215732[m[K’ (type ‘[01m[Kint[m[K’) to type ‘[01m[Kconst char*[m[K’
[3.704s]     9 |     RobotNewsStation() : Node("robot_news_station"), robot_name_([01;36m[K'ROS2_Robot_Sushant'[m[K)
[3.705s]       |                                                                  [01;36m[K^~~~~~~~~~~~~~~~~~~~[m[K
[3.705s] [01m[K/usr/include/c++/13/bits/basic_string.h:716:7:[m[K [01;36m[Knote: [m[Kcandidate: ‘[01m[Kstd::__cxx11::basic_string<_CharT, _Traits, _Alloc>::[01;32m[Kbasic_string[m[K(std::__cxx11::basic_string<_CharT, _Traits, _Alloc>&&, const _Alloc&) [35m[K[with _CharT = char; _Traits = std::char_traits<char>; _Alloc = std::allocator<char>][m[K[m[K’
[3.705s]   716 |       [01;36m[Kbasic_string[m[K(basic_string&& __str, const _Alloc& __a)
[3.705s]       |       [01;36m[K^~~~~~~~~~~~[m[K
[3.705s] [01m[K/usr/include/c++/13/bits/basic_string.h:716:7:[m[K [01;36m[Knote: [m[K  candidate expects 2 arguments, 1 provided
[3.705s] [01m[K/usr/include/c++/13/bits/basic_string.h:711:7:[m[K [01;36m[Knote: [m[Kcandidate: ‘[01m[Kstd::__cxx11::basic_string<_CharT, _Traits, _Alloc>::[01;32m[Kbasic_string[m[K(const std::__cxx11::basic_string<_CharT, _Traits, _Alloc>&, const _Alloc&) [35m[K[with _CharT = char; _Traits = std::char_traits<char>; _Alloc = std::allocator<char>][m[K[m[K’
[3.705s]   711 |       [01;36m[Kbasic_string[m[K(const basic_string& __str, const _Alloc& __a)
[3.705s]       |       [01;36m[K^~~~~~~~~~~~[m[K
[3.705s] [01m[K/usr/include/c++/13/bits/basic_string.h:711:7:[m[K [01;36m[Knote: [m[K  candidate expects 2 arguments, 1 provided
[3.705s] [01m[K/usr/include/c++/13/bits/basic_string.h:706:7:[m[K [01;36m[Knote: [m[Kcandidate: ‘[01m[Kstd::__cxx11::basic_string<_CharT, _Traits, _Alloc>::[01;32m[Kbasic_string[m[K(std::initializer_list<_Tp>, const _Alloc&) [35m[K[with _CharT = char; _Traits = std::char_traits<char>; _Alloc = std::allocator<char>][m[K[m[K’
[3.705s]   706 |       [01;36m[Kbasic_string[m[K(initializer_list<_CharT> __l, const _Alloc& __a = _Alloc())
[3.705s]       |       [01;36m[K^~~~~~~~~~~~[m[K
[3.706s] [01m[K/usr/include/c++/13/bits/basic_string.h:706:45:[m[K [01;36m[Knote: [m[K  no known conversion for argument 1 from ‘[01m[Kint[m[K’ to ‘[01m[Kstd::initializer_list<char>[m[K’
[3.706s]   706 |       basic_string([01;36m[Kinitializer_list<_CharT> __l[m[K, const _Alloc& __a = _Alloc())
[3.706s]       |                    [01;36m[K~~~~~~~~~~~~~~~~~~~~~~~~~^~~[m[K
[3.706s] [01m[K/usr/include/c++/13/bits/basic_string.h:677:7:[m[K [01;36m[Knote: [m[Kcandidate: ‘[01m[Kstd::__cxx11::basic_string<_CharT, _Traits, _Alloc>::[01;32m[Kbasic_string[m[K(std::__cxx11::basic_string<_CharT, _Traits, _Alloc>&&) [35m[K[with _CharT = char; _Traits = std::char_traits<char>; _Alloc = std::allocator<char>][m[K[m[K’
[3.706s]   677 |       [01;36m[Kbasic_string[m[K(basic_string&& __str) noexcept
[3.706s]       |       [01;36m[K^~~~~~~~~~~~[m[K
[3.706s] [01m[K/usr/include/c++/13/bits/basic_string.h:677:35:[m[K [01;36m[Knote: [m[K  no known conversion for argument 1 from ‘[01m[Kint[m[K’ to ‘[01m[Kstd::__cxx11::basic_string<char>&&[m[K’
[3.706s]   677 |       basic_string([01;36m[Kbasic_string&& __str[m[K) noexcept
[3.706s]       |                    [01;36m[K~~~~~~~~~~~~~~~^~~~~[m[K
[3.706s] [01m[K/usr/include/c++/13/bits/basic_string.h:619:7:[m[K [01;36m[Knote: [m[Kcandidate: ‘[01m[Kstd::__cxx11::basic_string<_CharT, _Traits, _Alloc>::[01;32m[Kbasic_string[m[K(const _CharT*, size_type, const _Alloc&) [35m[K[with _CharT = char; _Traits = std::char_traits<char>; _Alloc = std::allocator<char>; size_type = long unsigned int][m[K[m[K’
[3.707s]   619 |       [01;36m[Kbasic_string[m[K(const _CharT* __s, size_type __n,
[3.707s]       |       [01;36m[K^~~~~~~~~~~~[m[K
[3.707s] [01m[K/usr/include/c++/13/bits/basic_string.h:619:7:[m[K [01;36m[Knote: [m[K  candidate expects 3 arguments, 1 provided
[3.707s] [01m[K/usr/include/c++/13/bits/basic_string.h:599:7:[m[K [01;36m[Knote: [m[Kcandidate: ‘[01m[Kstd::__cxx11::basic_string<_CharT, _Traits, _Alloc>::[01;32m[Kbasic_string[m[K(const std::__cxx11::basic_string<_CharT, _Traits, _Alloc>&, size_type, size_type, const _Alloc&) [35m[K[with _CharT = char; _Traits = std::char_traits<char>; _Alloc = std::allocator<char>; size_type = long unsigned int][m[K[m[K’
[3.707s]   599 |       [01;36m[Kbasic_string[m[K(const basic_string& __str, size_type __pos,
[3.707s]       |       [01;36m[K^~~~~~~~~~~~[m[K
[3.707s] [01m[K/usr/include/c++/13/bits/basic_string.h:599:7:[m[K [01;36m[Knote: [m[K  candidate expects 4 arguments, 1 provided
[3.707s] [01m[K/usr/include/c++/13/bits/basic_string.h:581:7:[m[K [01;36m[Knote: [m[Kcandidate: ‘[01m[Kstd::__cxx11::basic_string<_CharT, _Traits, _Alloc>::[01;32m[Kbasic_string[m[K(const std::__cxx11::basic_string<_CharT, _Traits, _Alloc>&, size_type, size_type) [35m[K[with _CharT = char; _Traits = std::char_traits<char>; _Alloc = std::allocator<char>; size_type = long unsigned int][m[K[m[K’
[3.707s]   581 |       [01;36m[Kbasic_string[m[K(const basic_string& __str, size_type __pos,
[3.707s]       |       [01;36m[K^~~~~~~~~~~~[m[K
[3.707s] [01m[K/usr/include/c++/13/bits/basic_string.h:581:7:[m[K [01;36m[Knote: [m[K  candidate expects 3 arguments, 1 provided
[3.708s] [01m[K/usr/include/c++/13/bits/basic_string.h:564:7:[m[K [01;36m[Knote: [m[Kcandidate: ‘[01m[Kstd::__cxx11::basic_string<_CharT, _Traits, _Alloc>::[01;32m[Kbasic_string[m[K(const std::__cxx11::basic_string<_CharT, _Traits, _Alloc>&, size_type, const _Alloc&) [35m[K[with _CharT = char; _Traits = std::char_traits<char>; _Alloc = std::allocator<char>; size_type = long unsigned int][m[K[m[K’
[3.708s]   564 |       [01;36m[Kbasic_string[m[K(const basic_string& __str, size_type __pos,
[3.708s]       |       [01;36m[K^~~~~~~~~~~~[m[K
[3.708s] [01m[K/usr/include/c++/13/bits/basic_string.h:564:7:[m[K [01;36m[Knote: [m[K  candidate expects 3 arguments, 1 provided
[3.708s] [01m[K/usr/include/c++/13/bits/basic_string.h:547:7:[m[K [01;36m[Knote: [m[Kcandidate: ‘[01m[Kstd::__cxx11::basic_string<_CharT, _Traits, _Alloc>::[01;32m[Kbasic_string[m[K(const std::__cxx11::basic_string<_CharT, _Traits, _Alloc>&) [35m[K[with _CharT = char; _Traits = std::char_traits<char>; _Alloc = std::allocator<char>][m[K[m[K’
[3.708s]   547 |       [01;36m[Kbasic_string[m[K(const basic_string& __str)
[3.708s]       |       [01;36m[K^~~~~~~~~~~~[m[K
[3.708s] [01m[K/usr/include/c++/13/bits/basic_string.h:547:40:[m[K [01;36m[Knote: [m[K  no known conversion for argument 1 from ‘[01m[Kint[m[K’ to ‘[01m[Kconst std::__cxx11::basic_string<char>&[m[K’
[3.708s]   547 |       basic_string([01;36m[Kconst basic_string& __str[m[K)
[3.708s]       |                    [01;36m[K~~~~~~~~~~~~~~~~~~~~^~~~~[m[K
[3.709s] [01m[K/usr/include/c++/13/bits/basic_string.h:535:7:[m[K [01;36m[Knote: [m[Kcandidate: ‘[01m[Kstd::__cxx11::basic_string<_CharT, _Traits, _Alloc>::[01;32m[Kbasic_string[m[K(const _Alloc&) [35m[K[with _CharT = char; _Traits = std::char_traits<char>; _Alloc = std::allocator<char>][m[K[m[K’
[3.709s]   535 |       [01;36m[Kbasic_string[m[K(const _Alloc& __a) _GLIBCXX_NOEXCEPT
[3.709s]       |       [01;36m[K^~~~~~~~~~~~[m[K
[3.709s] [01m[K/usr/include/c++/13/bits/basic_string.h:535:34:[m[K [01;36m[Knote: [m[K  no known conversion for argument 1 from ‘[01m[Kint[m[K’ to ‘[01m[Kconst std::allocator<char>&[m[K’
[3.709s]   535 |       basic_string([01;36m[Kconst _Alloc& __a[m[K) _GLIBCXX_NOEXCEPT
[3.709s]       |                    [01;36m[K~~~~~~~~~~~~~~^~~[m[K
[3.709s] [01m[K/usr/include/c++/13/bits/basic_string.h:522:7:[m[K [01;36m[Knote: [m[Kcandidate: ‘[01m[Kstd::__cxx11::basic_string<_CharT, _Traits, _Alloc>::[01;32m[Kbasic_string[m[K() [35m[K[with _CharT = char; _Traits = std::char_traits<char>; _Alloc = std::allocator<char>][m[K[m[K’
[3.709s]   522 |       [01;36m[Kbasic_string[m[K()
[3.709s]       |       [01;36m[K^~~~~~~~~~~~[m[K
[3.710s] [01m[K/usr/include/c++/13/bits/basic_string.h:522:7:[m[K [01;36m[Knote: [m[K  candidate expects 0 arguments, 1 provided
[3.710s] [01m[K/usr/include/c++/13/bits/basic_string.h:176:7:[m[K [01;36m[Knote: [m[Kcandidate: ‘[01m[Kstd::__cxx11::basic_string<_CharT, _Traits, _Alloc>::[01;32m[Kbasic_string[m[K(__sv_wrapper, const _Alloc&) [35m[K[with _CharT = char; _Traits = std::char_traits<char>; _Alloc = std::allocator<char>][m[K[m[K’
[3.710s]   176 |       [01;36m[Kbasic_string[m[K(__sv_wrapper __svw, const _Alloc& __a)
[3.710s]       |       [01;36m[K^~~~~~~~~~~~[m[K
[3.710s] [01m[K/usr/include/c++/13/bits/basic_string.h:176:7:[m[K [01;36m[Knote: [m[K  candidate expects 2 arguments, 1 provided
[3.712s] In file included from [01m[K/opt/ros/jazzy/include/rclcpp/rclcpp/copy_all_parameter_values.hpp:27[m[K:
[3.713s] [01m[K/home/sushant-ros/Coding/ROS2_Learning/ROS2_Basics/ros2_ws/src/my_cpp_pkg/src/robot_news_station.cpp:13:9:[m[K [01;31m[Kerror: [m[Kexpected ‘[01m[K;[m[K’ before ‘[01m[Kdo[m[K’
[3.713s]    13 |         [01;31m[KRCLCPP_INFO[m[K(this->get_logger(), "Robot_News_Station node has been Started");
[3.713s]       |         [01;31m[K^~~~~~~~~~~[m[K
[5.055s] gmake[2]: *** [CMakeFiles/robot_news_station.dir/build.make:76: CMakeFiles/robot_news_station.dir/src/robot_news_station.cpp.o] Error 1
[5.055s] gmake[1]: *** [CMakeFiles/Makefile2:193: CMakeFiles/robot_news_station.dir/all] Error 2
[5.056s] gmake: *** [Makefile:146: all] Error 2
[5.061s] Invoked command in '/home/sushant-ros/Coding/ROS2_Learning/ROS2_Basics/ros2_ws/build/my_cpp_pkg' returned '2': CMAKE_PREFIX_PATH=${CMAKE_PREFIX_PATH}:/home/sushant-ros/Coding/ROS2_Learning/ROS2_Basics/ros2_ws/install/my_py_pkg:/opt/ros/jazzy DEBUGINFOD_URLS=https://debuginfod.ubuntu.com /usr/bin/cmake --build /home/sushant-ros/Coding/ROS2_Learning/ROS2_Basics/ros2_ws/build/my_cpp_pkg -- -j8 -l8
