[1.879s] Invoking command in '/home/sushant-ros/Coding/ROS2_Learning/ROS2_Basics/ros2_ws/src/my_py_pkg': DEBUGINFOD_URLS=https://debuginfod.ubuntu.com PYTHONPATH=/home/sushant-ros/Coding/ROS2_Learning/ROS2_Basics/ros2_ws/build/my_py_pkg/prefix_override:/usr/lib/python3/dist-packages/colcon_core/task/python/colcon_distutils_commands:/home/sushant-ros/Coding/ROS2_Learning/ROS2_Basics/ros2_ws/install/my_py_pkg/lib/python3.12/site-packages:${PYTHONPATH} /usr/bin/python3 -W ignore:setup.py install is deprecated -W ignore:easy_install command is deprecated setup.py egg_info --egg-base ../../build/my_py_pkg build --build-base /home/sushant-ros/Coding/ROS2_Learning/ROS2_Basics/ros2_ws/build/my_py_pkg/build install --record /home/sushant-ros/Coding/ROS2_Learning/ROS2_Basics/ros2_ws/build/my_py_pkg/install.log --single-version-externally-managed install_data
[2.478s] running egg_info
[2.533s] writing ../../build/my_py_pkg/my_py_pkg.egg-info/PKG-INFO
[2.534s] writing dependency_links to ../../build/my_py_pkg/my_py_pkg.egg-info/dependency_links.txt
[2.535s] writing entry points to ../../build/my_py_pkg/my_py_pkg.egg-info/entry_points.txt
[2.535s] writing requirements to ../../build/my_py_pkg/my_py_pkg.egg-info/requires.txt
[2.536s] writing top-level names to ../../build/my_py_pkg/my_py_pkg.egg-info/top_level.txt
[2.604s] reading manifest file '../../build/my_py_pkg/my_py_pkg.egg-info/SOURCES.txt'
[2.606s] writing manifest file '../../build/my_py_pkg/my_py_pkg.egg-info/SOURCES.txt'
[2.606s] running build
[2.607s] running build_py
[2.607s] running install
[2.622s] running install_lib
[2.664s] running install_data
[2.665s] running install_egg_info
[2.712s] removing '/home/sushant-ros/Coding/ROS2_Learning/ROS2_Basics/ros2_ws/install/my_py_pkg/lib/python3.12/site-packages/my_py_pkg-0.0.0-py3.12.egg-info' (and everything under it)
[2.712s] Copying ../../build/my_py_pkg/my_py_pkg.egg-info to /home/sushant-ros/Coding/ROS2_Learning/ROS2_Basics/ros2_ws/install/my_py_pkg/lib/python3.12/site-packages/my_py_pkg-0.0.0-py3.12.egg-info
[2.714s] running install_scripts
[2.972s] Installing add_two_ints_client_no_oop script to /home/sushant-ros/Coding/ROS2_Learning/ROS2_Basics/ros2_ws/install/my_py_pkg/lib/my_py_pkg
[2.972s] Installing add_two_ints_client_oop script to /home/sushant-ros/Coding/ROS2_Learning/ROS2_Basics/ros2_ws/install/my_py_pkg/lib/my_py_pkg
[2.973s] Installing add_two_ints_server script to /home/sushant-ros/Coding/ROS2_Learning/ROS2_Basics/ros2_ws/install/my_py_pkg/lib/my_py_pkg
[2.973s] Installing py_node script to /home/sushant-ros/Coding/ROS2_Learning/ROS2_Basics/ros2_ws/install/my_py_pkg/lib/my_py_pkg
[2.973s] Installing py_node_oop script to /home/sushant-ros/Coding/ROS2_Learning/ROS2_Basics/ros2_ws/install/my_py_pkg/lib/my_py_pkg
[2.973s] Installing robot_news_station script to /home/sushant-ros/Coding/ROS2_Learning/ROS2_Basics/ros2_ws/install/my_py_pkg/lib/my_py_pkg
[2.974s] Installing smartphone script to /home/sushant-ros/Coding/ROS2_Learning/ROS2_Basics/ros2_ws/install/my_py_pkg/lib/my_py_pkg
[2.974s] writing list of installed files to '/home/sushant-ros/Coding/ROS2_Learning/ROS2_Basics/ros2_ws/build/my_py_pkg/install.log'
[3.093s] Invoked command in '/home/sushant-ros/Coding/ROS2_Learning/ROS2_Basics/ros2_ws/src/my_py_pkg' returned '0': DEBUGINFOD_URLS=https://debuginfod.ubuntu.com PYTHONPATH=/home/sushant-ros/Coding/ROS2_Learning/ROS2_Basics/ros2_ws/build/my_py_pkg/prefix_override:/usr/lib/python3/dist-packages/colcon_core/task/python/colcon_distutils_commands:/home/sushant-ros/Coding/ROS2_Learning/ROS2_Basics/ros2_ws/install/my_py_pkg/lib/python3.12/site-packages:${PYTHONPATH} /usr/bin/python3 -W ignore:setup.py install is deprecated -W ignore:easy_install command is deprecated setup.py egg_info --egg-base ../../build/my_py_pkg build --build-base /home/sushant-ros/Coding/ROS2_Learning/ROS2_Basics/ros2_ws/build/my_py_pkg/build install --record /home/sushant-ros/Coding/ROS2_Learning/ROS2_Basics/ros2_ws/build/my_py_pkg/install.log --single-version-externally-managed install_data
