[0.025s] Invoking command in '/home/sushant-ros/Coding/ROS2_Learning/ROS2_Basics/ros2_ws/build/my_cpp_pkg': CMAKE_PREFIX_PATH=${CMAKE_PREFIX_PATH}:/home/sushant-ros/Coding/ROS2_Learning/ROS2_Basics/ros2_ws/install/my_py_pkg:/opt/ros/jazzy DEBUGINFOD_URLS=https://debuginfod.ubuntu.com /usr/bin/cmake --build /home/sushant-ros/Coding/ROS2_Learning/ROS2_Basics/ros2_ws/build/my_cpp_pkg -- -j8 -l8
[0.214s] [ 50%] [32mBuilding CXX object CMakeFiles/cpp_node.dir/src/my_first_node.cpp.o[0m
[4.426s] [100%] [32m[1mLinking CXX executable cpp_node[0m
[4.668s] [100%] Built target cpp_node
[4.684s] Invoked command in '/home/sushant-ros/Coding/ROS2_Learning/ROS2_Basics/ros2_ws/build/my_cpp_pkg' returned '0': CMAKE_PREFIX_PATH=${CMAKE_PREFIX_PATH}:/home/sushant-ros/Coding/ROS2_Learning/ROS2_Basics/ros2_ws/install/my_py_pkg:/opt/ros/jazzy DEBUGINFOD_URLS=https://debuginfod.ubuntu.com /usr/bin/cmake --build /home/sushant-ros/Coding/ROS2_Learning/ROS2_Basics/ros2_ws/build/my_cpp_pkg -- -j8 -l8
[4.700s] Invoking command in '/home/sushant-ros/Coding/ROS2_Learning/ROS2_Basics/ros2_ws/build/my_cpp_pkg': CMAKE_PREFIX_PATH=${CMAKE_PREFIX_PATH}:/home/sushant-ros/Coding/ROS2_Learning/ROS2_Basics/ros2_ws/install/my_py_pkg:/opt/ros/jazzy DEBUGINFOD_URLS=https://debuginfod.ubuntu.com /usr/bin/cmake --install /home/sushant-ros/Coding/ROS2_Learning/ROS2_Basics/ros2_ws/build/my_cpp_pkg
[4.712s] -- Install configuration: ""
[4.713s] -- Installing: /home/sushant-ros/Coding/ROS2_Learning/ROS2_Basics/ros2_ws/install/my_cpp_pkg/lib/my_cpp_pkg/cpp_node
[4.714s] -- Set non-toolchain portion of runtime path of "/home/sushant-ros/Coding/ROS2_Learning/ROS2_Basics/ros2_ws/install/my_cpp_pkg/lib/my_cpp_pkg/cpp_node" to ""
[4.715s] -- Up-to-date: /home/sushant-ros/Coding/ROS2_Learning/ROS2_Basics/ros2_ws/install/my_cpp_pkg/share/ament_index/resource_index/package_run_dependencies/my_cpp_pkg
[4.715s] -- Up-to-date: /home/sushant-ros/Coding/ROS2_Learning/ROS2_Basics/ros2_ws/install/my_cpp_pkg/share/ament_index/resource_index/parent_prefix_path/my_cpp_pkg
[4.715s] -- Up-to-date: /home/sushant-ros/Coding/ROS2_Learning/ROS2_Basics/ros2_ws/install/my_cpp_pkg/share/my_cpp_pkg/environment/ament_prefix_path.sh
[4.715s] -- Up-to-date: /home/sushant-ros/Coding/ROS2_Learning/ROS2_Basics/ros2_ws/install/my_cpp_pkg/share/my_cpp_pkg/environment/ament_prefix_path.dsv
[4.716s] -- Up-to-date: /home/sushant-ros/Coding/ROS2_Learning/ROS2_Basics/ros2_ws/install/my_cpp_pkg/share/my_cpp_pkg/environment/path.sh
[4.716s] -- Up-to-date: /home/sushant-ros/Coding/ROS2_Learning/ROS2_Basics/ros2_ws/install/my_cpp_pkg/share/my_cpp_pkg/environment/path.dsv
[4.716s] -- Up-to-date: /home/sushant-ros/Coding/ROS2_Learning/ROS2_Basics/ros2_ws/install/my_cpp_pkg/share/my_cpp_pkg/local_setup.bash
[4.716s] -- Up-to-date: /home/sushant-ros/Coding/ROS2_Learning/ROS2_Basics/ros2_ws/install/my_cpp_pkg/share/my_cpp_pkg/local_setup.sh
[4.716s] -- Up-to-date: /home/sushant-ros/Coding/ROS2_Learning/ROS2_Basics/ros2_ws/install/my_cpp_pkg/share/my_cpp_pkg/local_setup.zsh
[4.716s] -- Up-to-date: /home/sushant-ros/Coding/ROS2_Learning/ROS2_Basics/ros2_ws/install/my_cpp_pkg/share/my_cpp_pkg/local_setup.dsv
[4.717s] -- Installing: /home/sushant-ros/Coding/ROS2_Learning/ROS2_Basics/ros2_ws/install/my_cpp_pkg/share/my_cpp_pkg/package.dsv
[4.717s] -- Up-to-date: /home/sushant-ros/Coding/ROS2_Learning/ROS2_Basics/ros2_ws/install/my_cpp_pkg/share/ament_index/resource_index/packages/my_cpp_pkg
[4.717s] -- Up-to-date: /home/sushant-ros/Coding/ROS2_Learning/ROS2_Basics/ros2_ws/install/my_cpp_pkg/share/my_cpp_pkg/cmake/my_cpp_pkgConfig.cmake
[4.717s] -- Up-to-date: /home/sushant-ros/Coding/ROS2_Learning/ROS2_Basics/ros2_ws/install/my_cpp_pkg/share/my_cpp_pkg/cmake/my_cpp_pkgConfig-version.cmake
[4.717s] -- Up-to-date: /home/sushant-ros/Coding/ROS2_Learning/ROS2_Basics/ros2_ws/install/my_cpp_pkg/share/my_cpp_pkg/package.xml
[4.720s] Invoked command in '/home/sushant-ros/Coding/ROS2_Learning/ROS2_Basics/ros2_ws/build/my_cpp_pkg' returned '0': CMAKE_PREFIX_PATH=${CMAKE_PREFIX_PATH}:/home/sushant-ros/Coding/ROS2_Learning/ROS2_Basics/ros2_ws/install/my_py_pkg:/opt/ros/jazzy DEBUGINFOD_URLS=https://debuginfod.ubuntu.com /usr/bin/cmake --install /home/sushant-ros/Coding/ROS2_Learning/ROS2_Basics/ros2_ws/build/my_cpp_pkg
