[1.327s] Invoking command in '/home/sushant-ros/Coding/ROS2_Learning/ROS2_Basics/ros2_ws/src/my_py_pkg': DEBUGINFOD_URLS=https://debuginfod.ubuntu.com PYTHONPATH=/home/sushant-ros/Coding/ROS2_Learning/ROS2_Basics/ros2_ws/build/my_py_pkg/prefix_override:/usr/lib/python3/dist-packages/colcon_core/task/python/colcon_distutils_commands:/home/sushant-ros/Coding/ROS2_Learning/ROS2_Basics/ros2_ws/install/my_py_pkg/lib/python3.12/site-packages:${PYTHONPATH} /usr/bin/python3 -W ignore:setup.py install is deprecated -W ignore:easy_install command is deprecated setup.py egg_info --egg-base ../../build/my_py_pkg build --build-base /home/sushant-ros/Coding/ROS2_Learning/ROS2_Basics/ros2_ws/build/my_py_pkg/build install --record /home/sushant-ros/Coding/ROS2_Learning/ROS2_Basics/ros2_ws/build/my_py_pkg/install.log --single-version-externally-managed install_data
[1.689s] running egg_info
[1.713s] writing ../../build/my_py_pkg/my_py_pkg.egg-info/PKG-INFO
[1.713s] writing dependency_links to ../../build/my_py_pkg/my_py_pkg.egg-info/dependency_links.txt
[1.713s] writing entry points to ../../build/my_py_pkg/my_py_pkg.egg-info/entry_points.txt
[1.715s] writing requirements to ../../build/my_py_pkg/my_py_pkg.egg-info/requires.txt
[1.715s] writing top-level names to ../../build/my_py_pkg/my_py_pkg.egg-info/top_level.txt
[1.769s] reading manifest file '../../build/my_py_pkg/my_py_pkg.egg-info/SOURCES.txt'
[1.770s] writing manifest file '../../build/my_py_pkg/my_py_pkg.egg-info/SOURCES.txt'
[1.770s] running build
[1.770s] running build_py
[1.770s] copying my_py_pkg/add_two_ints_client_no_oop.py -> /home/sushant-ros/Coding/ROS2_Learning/ROS2_Basics/ros2_ws/build/my_py_pkg/build/lib/my_py_pkg
[1.771s] running install
[1.779s] running install_lib
[1.806s] copying /home/sushant-ros/Coding/ROS2_Learning/ROS2_Basics/ros2_ws/build/my_py_pkg/build/lib/my_py_pkg/add_two_ints_client_no_oop.py -> /home/sushant-ros/Coding/ROS2_Learning/ROS2_Basics/ros2_ws/install/my_py_pkg/lib/python3.12/site-packages/my_py_pkg
[1.807s] byte-compiling /home/sushant-ros/Coding/ROS2_Learning/ROS2_Basics/ros2_ws/install/my_py_pkg/lib/python3.12/site-packages/my_py_pkg/add_two_ints_client_no_oop.py to add_two_ints_client_no_oop.cpython-312.pyc
[1.808s] running install_data
[1.808s] running install_egg_info
[1.840s] removing '/home/sushant-ros/Coding/ROS2_Learning/ROS2_Basics/ros2_ws/install/my_py_pkg/lib/python3.12/site-packages/my_py_pkg-0.0.0-py3.12.egg-info' (and everything under it)
[1.840s] Copying ../../build/my_py_pkg/my_py_pkg.egg-info to /home/sushant-ros/Coding/ROS2_Learning/ROS2_Basics/ros2_ws/install/my_py_pkg/lib/python3.12/site-packages/my_py_pkg-0.0.0-py3.12.egg-info
[1.842s] running install_scripts
[2.016s] Installing add_two_ints_server script to /home/sushant-ros/Coding/ROS2_Learning/ROS2_Basics/ros2_ws/install/my_py_pkg/lib/my_py_pkg
[2.017s] Installing py_node script to /home/sushant-ros/Coding/ROS2_Learning/ROS2_Basics/ros2_ws/install/my_py_pkg/lib/my_py_pkg
[2.017s] Installing py_node_oop script to /home/sushant-ros/Coding/ROS2_Learning/ROS2_Basics/ros2_ws/install/my_py_pkg/lib/my_py_pkg
[2.017s] Installing robot_news_station script to /home/sushant-ros/Coding/ROS2_Learning/ROS2_Basics/ros2_ws/install/my_py_pkg/lib/my_py_pkg
[2.018s] Installing smartphone script to /home/sushant-ros/Coding/ROS2_Learning/ROS2_Basics/ros2_ws/install/my_py_pkg/lib/my_py_pkg
[2.018s] writing list of installed files to '/home/sushant-ros/Coding/ROS2_Learning/ROS2_Basics/ros2_ws/build/my_py_pkg/install.log'
[2.065s] Invoked command in '/home/sushant-ros/Coding/ROS2_Learning/ROS2_Basics/ros2_ws/src/my_py_pkg' returned '0': DEBUGINFOD_URLS=https://debuginfod.ubuntu.com PYTHONPATH=/home/sushant-ros/Coding/ROS2_Learning/ROS2_Basics/ros2_ws/build/my_py_pkg/prefix_override:/usr/lib/python3/dist-packages/colcon_core/task/python/colcon_distutils_commands:/home/sushant-ros/Coding/ROS2_Learning/ROS2_Basics/ros2_ws/install/my_py_pkg/lib/python3.12/site-packages:${PYTHONPATH} /usr/bin/python3 -W ignore:setup.py install is deprecated -W ignore:easy_install command is deprecated setup.py egg_info --egg-base ../../build/my_py_pkg build --build-base /home/sushant-ros/Coding/ROS2_Learning/ROS2_Basics/ros2_ws/build/my_py_pkg/build install --record /home/sushant-ros/Coding/ROS2_Learning/ROS2_Basics/ros2_ws/build/my_py_pkg/install.log --single-version-externally-managed install_data
